<?xml version="1.0" encoding="UTF-8"?>
<testng-results ignored="0" total="1" passed="1" failed="0" skipped="0">
  <reporter-output>
  </reporter-output>
  <suite started-at="2025-05-16T00:36:50 EEST" name="Surefire suite" finished-at="2025-05-16T00:36:54 EEST" duration-ms="3334">
    <groups>
    </groups>
    <test started-at="2025-05-16T00:36:50 EEST" name="Surefire test" finished-at="2025-05-16T00:36:54 EEST" duration-ms="3334">
      <class name="tests.CheckoutTests">
        <test-method is-config="true" signature="setupReport()[pri:0, instance:tests.CheckoutTests@45dd4eda]" started-at="2025-05-16T00:36:50 EEST" name="setupReport" finished-at="2025-05-16T00:36:50 EEST" duration-ms="62" status="PASS">
          <reporter-output>
          </reporter-output>
        </test-method> <!-- setupReport -->
        <test-method is-config="true" signature="setup(java.lang.reflect.Method)[pri:0, instance:tests.CheckoutTests@45dd4eda]" started-at="2025-05-16T00:36:50 EEST" name="setup" finished-at="2025-05-16T00:36:52 EEST" duration-ms="1809" status="PASS">
          <params>
            <param index="0">
              <value>
                <![CDATA[public void tests.CheckoutTests.testCompleteCheckout()]]>
              </value>
            </param>
          </params>
          <reporter-output>
          </reporter-output>
        </test-method> <!-- setup -->
        <test-method signature="testCompleteCheckout()[pri:0, instance:tests.CheckoutTests@45dd4eda]" started-at="2025-05-16T00:36:52 EEST" name="testCompleteCheckout" description="Verify complete checkout flow" finished-at="2025-05-16T00:36:54 EEST" duration-ms="1433" status="PASS">
          <reporter-output>
          </reporter-output>
        </test-method> <!-- testCompleteCheckout -->
        <test-method is-config="true" signature="tearDown(org.testng.ITestResult)[pri:0, instance:tests.CheckoutTests@45dd4eda]" started-at="2025-05-16T00:36:54 EEST" name="tearDown" finished-at="2025-05-16T00:36:54 EEST" duration-ms="86" status="PASS">
          <params>
            <param index="0">
              <value>
                <![CDATA[[TestResult name=testCompleteCheckout status=SUCCESS method=CheckoutTests.testCompleteCheckout()[pri:0, instance:tests.CheckoutTests@45dd4eda] output={null}]]]>
              </value>
            </param>
          </params>
          <reporter-output>
          </reporter-output>
        </test-method> <!-- tearDown -->
        <test-method is-config="true" signature="flushReport()[pri:0, instance:tests.CheckoutTests@45dd4eda]" started-at="2025-05-16T00:36:59 EEST" name="flushReport" finished-at="2025-05-16T00:36:59 EEST" duration-ms="91" status="PASS">
          <reporter-output>
          </reporter-output>
        </test-method> <!-- flushReport -->
      </class> <!-- tests.CheckoutTests -->
    </test> <!-- Surefire test -->
  </suite> <!-- Surefire suite -->
</testng-results>
